Build started 5/23/2022 10:00:54 PM.
     1>Project "D:\CodeGame\SDL2Game\SDL2Game\SDL2Game.vcxproj" on node 2 (Build target(s)).
     1>ClCompile:
         C:\Program Files (x86)\Microsoft Visual Studio 11.0\VC\bin\CL.exe /c /ZI /nologo /W3 /WX- /sdl /Od /Oy- /D WIN32 /D _DEBUG /D _CONSOLE /D _UNICODE /D UNICODE /Gm /EHsc /RTC1 /MDd /GS /fp:precise /Zc:wchar_t /Zc:forScope /Yu"stdafx.h" /Fp"Debug\SDL2Game.pch" /Fo"Debug\\" /Fd"Debug\vc110.pdb" /Gd /TP /analyze- /errorReport:prompt main.cpp
         main.cpp
     1>d:\codegame\sdl2game\sdl2game\commonfunc.h(41): warning C4091: 'typedef ' : ignored on left of 'Input' when no variable is declared
     1>d:\codegame\sdl2game\sdl2game\commonfunc.h(53): warning C4091: 'typedef ' : ignored on left of 'Map' when no variable is declared
     1>d:\codegame\sdl2game\sdl2game\main.cpp(89): warning C4244: 'argument' : conversion from 'int' to 'const float', possible loss of data
     1>d:\codegame\sdl2game\sdl2game\main.cpp(108): warning C4244: 'argument' : conversion from 'int' to 'const float', possible loss of data
     1>d:\codegame\sdl2game\sdl2game\main.cpp(110): warning C4244: 'initializing' : conversion from 'float' to 'int', possible loss of data
     1>d:\codegame\sdl2game\sdl2game\main.cpp(111): warning C4244: 'initializing' : conversion from 'float' to 'int', possible loss of data
     1>d:\codegame\sdl2game\sdl2game\main.cpp(190): warning C4018: '<' : signed/unsigned mismatch
     1>d:\codegame\sdl2game\sdl2game\main.cpp(205): warning C4018: '<' : signed/unsigned mismatch
     1>d:\codegame\sdl2game\sdl2game\main.cpp(273): warning C4018: '<' : signed/unsigned mismatch
     1>d:\codegame\sdl2game\sdl2game\main.cpp(278): warning C4018: '<' : signed/unsigned mismatch
     1>d:\codegame\sdl2game\sdl2game\main.cpp(323): warning C4018: '<' : signed/unsigned mismatch
       Link:
         C:\Program Files (x86)\Microsoft Visual Studio 11.0\VC\bin\link.exe /ERRORREPORT:PROMPT /OUT:"D:\CodeGame\SDL2Game\Debug\SDL2Game.exe" /INCREMENTAL /NOLOGO SDL2.lib SDL2main.lib SDL2_image.lib SDL2_mixer.lib SDL2_ttf.lib kernel32.lib user32.lib gdi32.lib winspool.lib comdlg32.lib advapi32.lib shell32.lib ole32.lib oleaut32.lib uuid.lib odbc32.lib odbccp32.lib /MANIFEST /MANIFESTUAC:"level='asInvoker' uiAccess='false'" /manifest:embed /DEBUG /PDB:"D:\CodeGame\SDL2Game\Debug\SDL2Game.pdb" /SUBSYSTEM:CONSOLE /TLBID:1 /DYNAMICBASE /NXCOMPAT /IMPLIB:"D:\CodeGame\SDL2Game\Debug\SDL2Game.lib" /MACHINE:X86 Debug\BaseObject.obj
         Debug\BulletObject.obj
         Debug\CommonFunc.obj
         Debug\game_map.obj
         Debug\ImpTimer.obj
         Debug\main.obj
         Debug\MainObject.obj
         Debug\stdafx.obj
         Debug\TextObject.obj
         Debug\ThreatsObject.obj
         SDL2Game.vcxproj -> D:\CodeGame\SDL2Game\Debug\SDL2Game.exe
     1>Done Building Project "D:\CodeGame\SDL2Game\SDL2Game\SDL2Game.vcxproj" (Build target(s)).

Build succeeded.

Time Elapsed 00:00:02.94
